Flow report for CEG3156Lab2
Mon Jun 26 20:48:57 2023
Quartus II 64-Bit Version 13.1.0 Build 162 10/23/2013 SJ Web Edition


---------------------
; Table of Contents ;
---------------------
  1. Legal Notice
  2. Flow Summary
  3. Flow Settings
  4. Flow Non-Default Global Settings
  5. Flow Elapsed Time
  6. Flow OS Summary
  7. Flow Log
  8. Flow Messages
  9. Flow Suppressed Messages



----------------
; Legal Notice ;
----------------
Copyright (C) 1991-2013 Altera Corporation
Your use of Altera Corporation's design tools, logic functions 
and other software and tools, and its AMPP partner logic 
functions, and any output files from any of the foregoing 
(including device programming or simulation files), and any 
associated documentation or information are expressly subject 
to the terms and conditions of the Altera Program License 
Subscription Agreement, Altera MegaCore Function License 
Agreement, or other applicable license agreement, including, 
without limitation, that your use is for the sole purpose of 
programming logic devices manufactured by Altera and sold by 
Altera or its authorized distributors.  Please refer to the 
applicable agreement for further details.



+---------------------------------------------------------------------------------+
; Flow Summary                                                                    ;
+------------------------------------+--------------------------------------------+
; Flow Status                        ; Successful - Mon Jun 26 20:48:57 2023      ;
; Quartus II 64-Bit Version          ; 13.1.0 Build 162 10/23/2013 SJ Web Edition ;
; Revision Name                      ; CEG3156Lab2                                ;
; Top-level Entity Name              ; mux8x1EightBit                             ;
; Family                             ; Cyclone IV E                               ;
; Device                             ; EP4CE115F29C7                              ;
; Timing Models                      ; Final                                      ;
; Total logic elements               ; 48                                         ;
;     Total combinational functions  ; 48                                         ;
;     Dedicated logic registers      ; 0                                          ;
; Total registers                    ; 0                                          ;
; Total pins                         ; 75                                         ;
; Total virtual pins                 ; 0                                          ;
; Total memory bits                  ; 0                                          ;
; Embedded Multiplier 9-bit elements ; 0                                          ;
; Total PLLs                         ; 0                                          ;
+------------------------------------+--------------------------------------------+


+-----------------------------------------+
; Flow Settings                           ;
+-------------------+---------------------+
; Option            ; Setting             ;
+-------------------+---------------------+
; Start date & time ; 06/26/2023 19:55:07 ;
; Main task         ; Compilation         ;
; Revision Name     ; CEG3156Lab2         ;
+-------------------+---------------------+


+-------------------------------------------------------------------------------------------------------------------------------+
; Flow Non-Default Global Settings                                                                                              ;
+-------------------------------------+---------------------------------------+---------------+----------------+----------------+
; Assignment Name                     ; Value                                 ; Default Value ; Entity Name    ; Section Id     ;
+-------------------------------------+---------------------------------------+---------------+----------------+----------------+
; COMPILER_SIGNATURE_ID               ; 0.168782370718458                     ; --            ; --             ; --             ;
; EDA_OUTPUT_DATA_FORMAT              ; Vhdl                                  ; --            ; --             ; eda_simulation ;
; EDA_SIMULATION_TOOL                 ; ModelSim-Altera (VHDL)                ; <None>        ; --             ; --             ;
; MAX_CORE_JUNCTION_TEMP              ; 85                                    ; --            ; --             ; --             ;
; MIN_CORE_JUNCTION_TEMP              ; 0                                     ; --            ; --             ; --             ;
; NOMINAL_CORE_SUPPLY_VOLTAGE         ; 1.2V                                  ; --            ; --             ; --             ;
; PARTITION_COLOR                     ; 16764057                              ; --            ; mux8x1EightBit ; Top            ;
; PARTITION_FITTER_PRESERVATION_LEVEL ; PLACEMENT_AND_ROUTING                 ; --            ; mux8x1EightBit ; Top            ;
; PARTITION_NETLIST_TYPE              ; SOURCE                                ; --            ; mux8x1EightBit ; Top            ;
; POWER_BOARD_THERMAL_MODEL           ; None (CONSERVATIVE)                   ; --            ; --             ; --             ;
; POWER_PRESET_COOLING_SOLUTION       ; 23 MM HEAT SINK WITH 200 LFPM AIRFLOW ; --            ; --             ; --             ;
; PROJECT_OUTPUT_DIRECTORY            ; output_files                          ; --            ; --             ; --             ;
; TOP_LEVEL_ENTITY                    ; mux8x1EightBit                        ; CEG3156Lab2   ; --             ; --             ;
+-------------------------------------+---------------------------------------+---------------+----------------+----------------+


+--------------------------------------------------------------------------------------------------------------------------+
; Flow Elapsed Time                                                                                                        ;
+----------------------+--------------+-------------------------+---------------------+------------------------------------+
; Module Name          ; Elapsed Time ; Average Processors Used ; Peak Virtual Memory ; Total CPU Time (on all processors) ;
+----------------------+--------------+-------------------------+---------------------+------------------------------------+
; Analysis & Synthesis ; 00:00:01     ; 1.0                     ; 633 MB              ; 00:00:01                           ;
; EDA Netlist Writer   ; 00:00:00     ; 1.0                     ; 837 MB              ; 00:00:00                           ;
; EDA Netlist Writer   ; 00:00:00     ; 1.0                     ; 838 MB              ; 00:00:00                           ;
; EDA Netlist Writer   ; 00:00:00     ; 1.0                     ; 838 MB              ; 00:00:00                           ;
; EDA Netlist Writer   ; 00:00:01     ; 1.0                     ; 838 MB              ; 00:00:00                           ;
; EDA Netlist Writer   ; 00:00:00     ; 1.0                     ; 838 MB              ; 00:00:00                           ;
; EDA Netlist Writer   ; 00:00:01     ; 1.0                     ; 838 MB              ; 00:00:00                           ;
; EDA Netlist Writer   ; 00:00:00     ; 1.0                     ; 838 MB              ; 00:00:00                           ;
; EDA Netlist Writer   ; 00:00:01     ; 1.0                     ; 838 MB              ; 00:00:00                           ;
; EDA Netlist Writer   ; 00:00:00     ; 1.0                     ; 838 MB              ; 00:00:00                           ;
; EDA Netlist Writer   ; 00:00:01     ; 1.0                     ; 838 MB              ; 00:00:00                           ;
; EDA Netlist Writer   ; 00:00:00     ; 1.0                     ; 838 MB              ; 00:00:00                           ;
; EDA Netlist Writer   ; 00:00:00     ; 1.0                     ; 838 MB              ; 00:00:00                           ;
; EDA Netlist Writer   ; 00:00:00     ; 1.0                     ; 838 MB              ; 00:00:00                           ;
; EDA Netlist Writer   ; 00:00:01     ; 1.0                     ; 838 MB              ; 00:00:00                           ;
; EDA Netlist Writer   ; 00:00:01     ; 1.0                     ; 838 MB              ; 00:00:00                           ;
; EDA Netlist Writer   ; 00:00:00     ; 1.0                     ; 838 MB              ; 00:00:00                           ;
; EDA Netlist Writer   ; 00:00:00     ; 1.0                     ; 838 MB              ; 00:00:00                           ;
; EDA Netlist Writer   ; 00:00:00     ; 1.0                     ; 838 MB              ; 00:00:00                           ;
; EDA Netlist Writer   ; 00:00:00     ; 1.0                     ; 838 MB              ; 00:00:00                           ;
; EDA Netlist Writer   ; 00:00:00     ; 1.0                     ; 838 MB              ; 00:00:00                           ;
; EDA Netlist Writer   ; 00:00:01     ; 1.0                     ; 838 MB              ; 00:00:00                           ;
; EDA Netlist Writer   ; 00:00:00     ; 1.0                     ; 838 MB              ; 00:00:00                           ;
; EDA Netlist Writer   ; 00:00:00     ; 1.0                     ; 838 MB              ; 00:00:00                           ;
; EDA Netlist Writer   ; 00:00:00     ; 1.0                     ; 838 MB              ; 00:00:00                           ;
; Total                ; 00:00:08     ; --                      ; --                  ; 00:00:01                           ;
+----------------------+--------------+-------------------------+---------------------+------------------------------------+


+------------------------------------------------------------------------------------+
; Flow OS Summary                                                                    ;
+----------------------+------------------+------------+------------+----------------+
; Module Name          ; Machine Hostname ; OS Name    ; OS Version ; Processor type ;
+----------------------+------------------+------------+------------+----------------+
; Analysis & Synthesis ; archlinux        ; Arch Linux ; Arch Linux ; x86_64         ;
; EDA Netlist Writer   ; archlinux        ; Arch Linux ; Arch Linux ; x86_64         ;
; EDA Netlist Writer   ; archlinux        ; Arch Linux ; Arch Linux ; x86_64         ;
; EDA Netlist Writer   ; archlinux        ; Arch Linux ; Arch Linux ; x86_64         ;
; EDA Netlist Writer   ; archlinux        ; Arch Linux ; Arch Linux ; x86_64         ;
; EDA Netlist Writer   ; archlinux        ; Arch Linux ; Arch Linux ; x86_64         ;
; EDA Netlist Writer   ; archlinux        ; Arch Linux ; Arch Linux ; x86_64         ;
; EDA Netlist Writer   ; archlinux        ; Arch Linux ; Arch Linux ; x86_64         ;
; EDA Netlist Writer   ; archlinux        ; Arch Linux ; Arch Linux ; x86_64         ;
; EDA Netlist Writer   ; archlinux        ; Arch Linux ; Arch Linux ; x86_64         ;
; EDA Netlist Writer   ; archlinux        ; Arch Linux ; Arch Linux ; x86_64         ;
; EDA Netlist Writer   ; archlinux        ; Arch Linux ; Arch Linux ; x86_64         ;
; EDA Netlist Writer   ; archlinux        ; Arch Linux ; Arch Linux ; x86_64         ;
; EDA Netlist Writer   ; archlinux        ; Arch Linux ; Arch Linux ; x86_64         ;
; EDA Netlist Writer   ; archlinux        ; Arch Linux ; Arch Linux ; x86_64         ;
; EDA Netlist Writer   ; archlinux        ; Arch Linux ; Arch Linux ; x86_64         ;
; EDA Netlist Writer   ; archlinux        ; Arch Linux ; Arch Linux ; x86_64         ;
; EDA Netlist Writer   ; archlinux        ; Arch Linux ; Arch Linux ; x86_64         ;
; EDA Netlist Writer   ; archlinux        ; Arch Linux ; Arch Linux ; x86_64         ;
; EDA Netlist Writer   ; archlinux        ; Arch Linux ; Arch Linux ; x86_64         ;
; EDA Netlist Writer   ; archlinux        ; Arch Linux ; Arch Linux ; x86_64         ;
; EDA Netlist Writer   ; archlinux        ; Arch Linux ; Arch Linux ; x86_64         ;
; EDA Netlist Writer   ; archlinux        ; Arch Linux ; Arch Linux ; x86_64         ;
; EDA Netlist Writer   ; archlinux        ; Arch Linux ; Arch Linux ; x86_64         ;
; EDA Netlist Writer   ; archlinux        ; Arch Linux ; Arch Linux ; x86_64         ;
+----------------------+------------------+------------+------------+----------------+


------------
; Flow Log ;
------------
quartus_map --read_settings_files=on --write_settings_files=off CEG3156Lab2 -c CEG3156Lab2
quartus_eda --gen_testbench --check_outputs=on --tool=modelsim_oem --format=verilog CEG3156Lab2 -c CEG3156Lab2 --vector_source=/home/kavin/Github/CEG3156Lab2/mux8x1EightBit.vwf --testbench_file=/home/kavin/Github/CEG3156Lab2/simulation/qsim/mux8x1EightBit.vwf.vt
quartus_eda --functional=on --flatten_buses=off --simulation=on --tool=modelsim_oem --format=verilog --output_directory=/home/kavin/Github/CEG3156Lab2/simulation/qsim/ CEG3156Lab2 -c CEG3156Lab2
quartus_eda --gen_testbench --check_outputs=on --tool=modelsim_oem --format=verilog CEG3156Lab2 -c CEG3156Lab2 --vector_source=/home/kavin/Github/CEG3156Lab2/mux8x1EightBit.vwf --testbench_file=/home/kavin/Github/CEG3156Lab2/simulation/qsim/mux8x1EightBit.vwf.vt
quartus_eda --functional=on --flatten_buses=off --simulation=on --tool=modelsim_oem --format=verilog --output_directory=/home/kavin/Github/CEG3156Lab2/simulation/qsim/ CEG3156Lab2 -c CEG3156Lab2
quartus_eda --gen_testbench --check_outputs=on --tool=modelsim_oem --format=verilog CEG3156Lab2 -c CEG3156Lab2 --vector_source=/home/kavin/Github/CEG3156Lab2/mux8x1EightBit.vwf --testbench_file=/home/kavin/Github/CEG3156Lab2/simulation/qsim/mux8x1EightBit.vwf.vt
quartus_eda --functional=on --flatten_buses=off --simulation=on --tool=modelsim_oem --format=verilog --output_directory=/home/kavin/Github/CEG3156Lab2/simulation/qsim/ CEG3156Lab2 -c CEG3156Lab2
quartus_eda --gen_testbench --check_outputs=on --tool=modelsim_oem --format=verilog CEG3156Lab2 -c CEG3156Lab2 --vector_source=/home/kavin/Github/CEG3156Lab2/mux8x1EightBit.vwf --testbench_file=/home/kavin/Github/CEG3156Lab2/simulation/qsim/mux8x1EightBit.vwf.vt
quartus_eda --functional=on --flatten_buses=off --simulation=on --tool=modelsim_oem --format=verilog --output_directory=/home/kavin/Github/CEG3156Lab2/simulation/qsim/ CEG3156Lab2 -c CEG3156Lab2
quartus_eda --gen_testbench --check_outputs=on --tool=modelsim_oem --format=verilog CEG3156Lab2 -c CEG3156Lab2 --vector_source=/home/kavin/Github/CEG3156Lab2/mux8x1EightBit.vwf --testbench_file=/home/kavin/Github/CEG3156Lab2/simulation/qsim/mux8x1EightBit.vwf.vt
quartus_eda --functional=on --flatten_buses=off --simulation=on --tool=modelsim_oem --format=verilog --output_directory=/home/kavin/Github/CEG3156Lab2/simulation/qsim/ CEG3156Lab2 -c CEG3156Lab2
quartus_eda --gen_testbench --check_outputs=on --tool=modelsim_oem --format=verilog CEG3156Lab2 -c CEG3156Lab2 --vector_source=/home/kavin/Github/CEG3156Lab2/mux8x1EightBit.vwf --testbench_file=/home/kavin/Github/CEG3156Lab2/simulation/qsim/mux8x1EightBit.vwf.vt
quartus_eda --functional=on --flatten_buses=off --simulation=on --tool=modelsim_oem --format=verilog --output_directory=/home/kavin/Github/CEG3156Lab2/simulation/qsim/ CEG3156Lab2 -c CEG3156Lab2
quartus_eda --gen_testbench --check_outputs=on --tool=modelsim_oem --format=verilog CEG3156Lab2 -c CEG3156Lab2 --vector_source=/home/kavin/Github/CEG3156Lab2/mux8x1EightBit.vwf --testbench_file=/home/kavin/Github/CEG3156Lab2/simulation/qsim/mux8x1EightBit.vwf.vt
quartus_eda --functional=on --flatten_buses=off --simulation=on --tool=modelsim_oem --format=verilog --output_directory=/home/kavin/Github/CEG3156Lab2/simulation/qsim/ CEG3156Lab2 -c CEG3156Lab2
quartus_eda --gen_testbench --check_outputs=on --tool=modelsim_oem --format=verilog CEG3156Lab2 -c CEG3156Lab2 --vector_source=/home/kavin/Github/CEG3156Lab2/mux8x1EightBit.vwf --testbench_file=/home/kavin/Github/CEG3156Lab2/simulation/qsim/mux8x1EightBit.vwf.vt
quartus_eda --functional=on --flatten_buses=off --simulation=on --tool=modelsim_oem --format=verilog --output_directory=/home/kavin/Github/CEG3156Lab2/simulation/qsim/ CEG3156Lab2 -c CEG3156Lab2
quartus_eda --gen_testbench --check_outputs=on --tool=modelsim_oem --format=verilog CEG3156Lab2 -c CEG3156Lab2 --vector_source=/home/kavin/Github/CEG3156Lab2/mux8x1EightBit.vwf --testbench_file=/home/kavin/Github/CEG3156Lab2/simulation/qsim/mux8x1EightBit.vwf.vt
quartus_eda --functional=on --flatten_buses=off --simulation=on --tool=modelsim_oem --format=verilog --output_directory=/home/kavin/Github/CEG3156Lab2/simulation/qsim/ CEG3156Lab2 -c CEG3156Lab2
quartus_eda --gen_testbench --check_outputs=on --tool=modelsim_oem --format=verilog CEG3156Lab2 -c CEG3156Lab2 --vector_source=/home/kavin/Github/CEG3156Lab2/mux8x1EightBit.vwf --testbench_file=/home/kavin/Github/CEG3156Lab2/simulation/qsim/mux8x1EightBit.vwf.vt
quartus_eda --functional=on --flatten_buses=off --simulation=on --tool=modelsim_oem --format=verilog --output_directory=/home/kavin/Github/CEG3156Lab2/simulation/qsim/ CEG3156Lab2 -c CEG3156Lab2
quartus_eda --gen_testbench --check_outputs=on --tool=modelsim_oem --format=verilog CEG3156Lab2 -c CEG3156Lab2 --vector_source=/home/kavin/Github/CEG3156Lab2/mux8x1EightBit.vwf --testbench_file=/home/kavin/Github/CEG3156Lab2/simulation/qsim/mux8x1EightBit.vwf.vt
quartus_eda --functional=on --flatten_buses=off --simulation=on --tool=modelsim_oem --format=verilog --output_directory=/home/kavin/Github/CEG3156Lab2/simulation/qsim/ CEG3156Lab2 -c CEG3156Lab2
quartus_eda --gen_testbench --check_outputs=on --tool=modelsim_oem --format=verilog CEG3156Lab2 -c CEG3156Lab2 --vector_source=/home/kavin/Github/CEG3156Lab2/mux8x1EightBit.vwf --testbench_file=/home/kavin/Github/CEG3156Lab2/simulation/qsim/mux8x1EightBit.vwf.vt
quartus_eda --functional=on --flatten_buses=off --simulation=on --tool=modelsim_oem --format=verilog --output_directory=/home/kavin/Github/CEG3156Lab2/simulation/qsim/ CEG3156Lab2 -c CEG3156Lab2



